TN:
SF:src/app.module.ts
FNF:0
FNH:0
DA:25,0
LF:1
LH:0
BRF:0
BRH:0
end_of_record
TN:
SF:src/prisma.module.ts
FN:6,(anonymous_0)
FN:10,(anonymous_1)
FNF:2
FNH:0
FNDA:0,(anonymous_0)
FNDA:0,(anonymous_1)
DA:5,4
DA:7,0
DA:11,0
DA:20,4
LF:4
LH:2
BRF:0
BRH:0
end_of_record
TN:
SF:src/audit/audit.module.ts
FNF:0
FNH:0
DA:9,0
LF:1
LH:0
BRF:0
BRH:0
end_of_record
TN:
SF:src/audit/audit.service.ts
FN:9,(anonymous_0)
FN:35,(anonymous_1)
FN:41,(anonymous_2)
FN:7,(anonymous_3)
FNF:4
FNH:4
FNDA:7,(anonymous_0)
FNDA:2,(anonymous_1)
FNDA:5,(anonymous_2)
FNDA:14,(anonymous_3)
DA:6,3
DA:7,14
DA:17,7
DA:18,7
DA:20,7
DA:36,2
DA:42,5
DA:43,5
DA:45,5
LF:9
LH:9
BRDA:43,0,0,4
BRDA:43,0,1,1
BRDA:5,1,0,6
BRDA:5,1,1,3
BRF:4
BRH:4
end_of_record
TN:
SF:src/contracts/contracts.controller.ts
FN:9,(anonymous_0)
FN:6,(anonymous_1)
FNF:2
FNH:0
FNDA:0,(anonymous_0)
FNDA:0,(anonymous_1)
DA:5,0
DA:6,0
DA:10,0
LF:3
LH:0
BRDA:4,0,0,0
BRDA:4,0,1,0
BRF:2
BRH:0
end_of_record
TN:
SF:src/contracts/contracts.module.ts
FNF:0
FNH:0
DA:10,0
LF:1
LH:0
BRF:0
BRH:0
end_of_record
TN:
SF:src/contracts/contracts.service.ts
FN:8,(anonymous_0)
FN:6,(anonymous_1)
FNF:2
FNH:0
FNDA:0,(anonymous_0)
FNDA:0,(anonymous_1)
DA:5,0
DA:6,0
DA:9,0
DA:14,0
DA:15,0
DA:22,0
LF:6
LH:0
BRDA:14,0,0,0
BRDA:14,0,1,0
BRDA:4,1,0,0
BRDA:4,1,1,0
BRF:4
BRH:0
end_of_record
TN:
SF:src/health/health.controller.ts
FN:9,(anonymous_0)
FN:19,(anonymous_1)
FN:6,(anonymous_2)
FNF:3
FNH:0
FNDA:0,(anonymous_0)
FNDA:0,(anonymous_1)
FNDA:0,(anonymous_2)
DA:5,0
DA:6,0
DA:10,0
DA:12,0
DA:13,0
DA:14,0
DA:16,0
DA:19,0
DA:21,0
LF:9
LH:0
BRDA:22,0,0,0
BRDA:22,0,1,0
BRDA:4,1,0,0
BRDA:4,1,1,0
BRF:4
BRH:0
end_of_record
TN:
SF:src/health/health.module.ts
FNF:0
FNH:0
DA:7,0
LF:1
LH:0
BRF:0
BRH:0
end_of_record
TN:
SF:src/politicians/politicians.controller.ts
FN:9,(anonymous_0)
FN:6,(anonymous_1)
FNF:2
FNH:0
FNDA:0,(anonymous_0)
FNDA:0,(anonymous_1)
DA:5,0
DA:6,0
DA:10,0
LF:3
LH:0
BRDA:4,0,0,0
BRDA:4,0,1,0
BRF:2
BRH:0
end_of_record
TN:
SF:src/politicians/politicians.module.ts
FNF:0
FNH:0
DA:10,0
LF:1
LH:0
BRF:0
BRH:0
end_of_record
TN:
SF:src/politicians/politicians.service.ts
FN:8,(anonymous_0)
FN:6,(anonymous_1)
FNF:2
FNH:0
FNDA:0,(anonymous_0)
FNDA:0,(anonymous_1)
DA:5,0
DA:6,0
DA:9,0
DA:14,0
DA:15,0
DA:28,0
LF:6
LH:0
BRDA:14,0,0,0
BRDA:14,0,1,0
BRDA:4,1,0,0
BRDA:4,1,1,0
BRF:4
BRH:0
end_of_record
TN:
SF:src/spending/spending.controller.ts
FN:9,(anonymous_0)
FN:6,(anonymous_1)
FNF:2
FNH:2
FNDA:11,(anonymous_0)
FNDA:11,(anonymous_1)
DA:5,1
DA:6,11
DA:10,11
DA:11,11
DA:12,6
DA:14,5
LF:6
LH:6
BRDA:10,0,0,9
BRDA:10,0,1,2
BRDA:11,1,0,6
BRDA:11,1,1,5
BRDA:11,2,0,11
BRDA:11,2,1,9
BRDA:11,2,2,7
BRDA:4,3,0,2
BRDA:4,3,1,1
BRF:9
BRH:9
end_of_record
TN:
SF:src/spending/spending.module.ts
FNF:0
FNH:0
DA:10,0
LF:1
LH:0
BRF:0
BRH:0
end_of_record
TN:
SF:src/spending/spending.service.ts
FN:8,(anonymous_0)
FN:6,(anonymous_1)
FNF:2
FNH:0
FNDA:0,(anonymous_0)
FNDA:0,(anonymous_1)
DA:5,1
DA:6,0
DA:9,0
DA:14,0
DA:15,0
DA:25,0
LF:6
LH:1
BRDA:14,0,0,0
BRDA:14,0,1,0
BRDA:4,1,0,2
BRDA:4,1,1,1
BRF:4
BRH:2
end_of_record
TN:
SF:src/sync/contracts-sync.service.ts
FN:18,(anonymous_0)
FN:30,(anonymous_1)
FN:63,(anonymous_2)
FN:12,(anonymous_3)
FNF:4
FNH:0
FNDA:0,(anonymous_0)
FNDA:0,(anonymous_1)
FNDA:0,(anonymous_2)
FNDA:0,(anonymous_3)
DA:6,0
DA:9,0
DA:10,0
DA:13,0
DA:14,0
DA:15,0
DA:19,0
DA:20,0
DA:22,0
DA:23,0
DA:24,0
DA:26,0
DA:27,0
DA:28,0
DA:30,0
DA:31,0
DA:32,0
DA:33,0
DA:36,0
DA:38,0
DA:39,0
DA:40,0
DA:41,0
DA:42,0
DA:47,0
DA:49,0
DA:58,0
DA:59,0
DA:60,0
DA:63,0
DA:65,0
DA:69,0
DA:74,0
DA:79,0
DA:90,0
DA:91,0
DA:93,0
DA:94,0
DA:95,0
LF:39
LH:0
BRDA:24,0,0,0
BRDA:24,0,1,0
BRDA:58,1,0,0
BRDA:58,1,1,0
BRDA:81,2,0,0
BRDA:81,2,1,0
BRDA:93,3,0,0
BRDA:93,3,1,0
BRF:8
BRH:0
end_of_record
TN:
SF:src/sync/politicians-sync.service.ts
FN:17,(anonymous_0)
FN:53,(anonymous_1)
FN:55,(anonymous_2)
FN:83,(anonymous_3)
FN:104,(anonymous_4)
FN:116,(anonymous_5)
FN:144,(anonymous_6)
FN:146,(anonymous_7)
FN:155,(anonymous_8)
FN:159,(anonymous_9)
FN:160,(anonymous_10)
FN:163,(anonymous_11)
FN:205,(anonymous_12)
FN:206,(anonymous_13)
FN:209,(anonymous_14)
FN:222,(anonymous_15)
FN:226,(anonymous_16)
FN:12,(anonymous_17)
FNF:18
FNH:16
FNDA:17,(anonymous_0)
FNDA:48,(anonymous_1)
FNDA:4,(anonymous_2)
FNDA:17,(anonymous_3)
FNDA:1,(anonymous_4)
FNDA:225,(anonymous_5)
FNDA:0,(anonymous_6)
FNDA:225,(anonymous_7)
FNDA:14,(anonymous_8)
FNDA:209,(anonymous_9)
FNDA:225,(anonymous_10)
FNDA:17,(anonymous_11)
FNDA:25,(anonymous_12)
FNDA:40,(anonymous_13)
FNDA:17,(anonymous_14)
FNDA:0,(anonymous_15)
FNDA:34,(anonymous_16)
FNDA:22,(anonymous_17)
DA:5,1
DA:6,1
DA:9,1
DA:10,22
DA:13,22
DA:14,22
DA:18,17
DA:19,17
DA:20,17
DA:22,17
DA:23,17
DA:29,17
DA:33,17
DA:37,17
DA:41,17
DA:43,17
DA:48,17
DA:53,48
DA:55,4
DA:59,17
DA:74,16
DA:75,16
DA:77,1
DA:78,1
DA:79,1
DA:84,17
DA:85,17
DA:86,17
DA:88,17
DA:89,18
DA:90,18
DA:91,18
DA:92,17
DA:93,17
DA:95,17
DA:100,17
DA:101,18
DA:102,18
DA:103,1
DA:104,1
DA:107,16
DA:109,16
DA:110,16
DA:111,16
DA:113,16
DA:114,30
DA:115,30
DA:117,225
DA:118,225
DA:119,225
DA:120,225
DA:122,225
DA:127,225
DA:128,225
DA:129,225
DA:130,225
DA:131,225
DA:132,225
DA:133,225
DA:136,225
DA:144,0
DA:146,225
DA:151,30
DA:152,225
DA:155,30
DA:156,30
DA:159,209
DA:160,225
DA:164,17
DA:165,17
DA:166,17
DA:167,15
DA:169,15
DA:174,15
DA:175,17
DA:176,17
DA:178,17
DA:179,40
DA:180,40
DA:181,40
DA:182,40
DA:183,40
DA:184,40
DA:185,40
DA:186,40
DA:187,40
DA:188,40
DA:190,0
DA:191,0
DA:195,40
DA:205,25
DA:206,40
DA:210,17
DA:211,17
DA:212,17
DA:213,17
DA:214,17
DA:216,17
DA:221,17
DA:222,0
DA:223,17
DA:224,17
DA:226,34
DA:232,0
LF:104
LH:99
BRDA:29,0,0,16
BRDA:29,0,1,1
BRDA:33,1,0,15
BRDA:33,1,1,2
BRDA:37,2,0,17
BRDA:37,2,1,0
BRDA:53,3,0,15
BRDA:53,3,1,2
BRDA:55,4,0,0
BRDA:55,4,1,2
BRDA:61,5,0,17
BRDA:61,5,1,16
BRDA:77,6,0,1
BRDA:77,6,1,0
BRDA:100,7,0,17
BRDA:100,7,1,0
BRDA:102,8,0,16
BRDA:102,8,1,2
BRDA:127,9,0,225
BRDA:127,9,1,0
BRDA:131,10,0,225
BRDA:131,10,1,0
BRDA:131,10,2,0
BRDA:133,11,0,225
BRDA:133,11,1,225
BRDA:141,12,0,225
BRDA:141,12,1,0
BRDA:152,13,0,225
BRDA:152,13,1,0
BRDA:155,14,0,14
BRDA:155,14,1,16
BRDA:174,15,0,15
BRDA:174,15,1,0
BRDA:186,16,0,40
BRDA:186,16,1,0
BRDA:187,17,0,0
BRDA:187,17,1,40
BRDA:188,18,0,40
BRDA:188,18,1,0
BRDA:199,19,0,40
BRDA:199,19,1,0
BRDA:200,20,0,40
BRDA:200,20,1,0
BRDA:224,21,0,0
BRDA:224,21,1,17
BRDA:229,22,0,34
BRDA:229,22,1,0
BRDA:8,23,0,4
BRDA:8,23,1,2
BRF:49
BRH:32
end_of_record
TN:
SF:src/sync/spending-sync.service.ts
FN:23,(anonymous_0)
FN:71,(anonymous_1)
FN:77,(anonymous_2)
FN:78,(anonymous_3)
FN:79,(anonymous_4)
FN:17,(anonymous_5)
FNF:6
FNH:6
FNDA:14,(anonymous_0)
FNDA:191,(anonymous_1)
FNDA:191,(anonymous_2)
FNDA:191,(anonymous_3)
FNDA:191,(anonymous_4)
FNDA:17,(anonymous_5)
DA:7,1
DA:14,1
DA:15,17
DA:18,17
DA:19,17
DA:20,17
DA:24,14
DA:25,14
DA:26,14
DA:28,14
DA:29,14
DA:30,14
DA:32,12
DA:34,12
DA:35,192
DA:36,192
DA:37,192
DA:38,192
DA:43,191
DA:44,191
DA:46,191
DA:55,191
DA:56,191
DA:57,191
DA:70,191
DA:71,191
DA:73,1
DA:77,191
DA:78,191
DA:79,191
DA:81,12
DA:86,12
DA:92,12
DA:105,12
DA:106,12
DA:108,2
DA:109,2
DA:110,2
LF:38
LH:38
BRDA:30,0,0,2
BRDA:30,0,1,12
BRDA:55,1,0,191
BRDA:55,1,1,0
BRDA:59,2,0,191
BRDA:59,2,1,0
BRDA:60,3,0,191
BRDA:60,3,1,0
BRDA:61,4,0,191
BRDA:61,4,1,0
BRDA:62,5,0,191
BRDA:62,5,1,0
BRDA:94,6,0,12
BRDA:94,6,1,11
BRDA:108,7,0,2
BRDA:108,7,1,0
BRF:16
BRH:10
end_of_record
TN:
SF:src/sync/sync-scheduler.service.ts
FN:18,(anonymous_0)
FN:24,(anonymous_1)
FN:30,(anonymous_2)
FN:11,(anonymous_3)
FNF:4
FNH:0
FNDA:0,(anonymous_0)
FNDA:0,(anonymous_1)
FNDA:0,(anonymous_2)
FNDA:0,(anonymous_3)
DA:8,0
DA:9,0
DA:12,0
DA:13,0
DA:14,0
DA:19,0
DA:20,0
DA:25,0
DA:26,0
DA:31,0
DA:32,0
LF:11
LH:0
BRF:0
BRH:0
end_of_record
TN:
SF:src/sync/sync.module.ts
FNF:0
FNH:0
DA:19,0
LF:1
LH:0
BRF:0
BRH:0
end_of_record
